
> angular-demo@0.0.0 start
> ng serve

node.exe : Option 
"browserTarget" is 
deprecated: Use 
'buildTarget' instead.
At line:1 char:1
+ & "C:\Program 
Files\nodejs/node.exe" 
"C:\Program 
Files\nodejs/node_mo ...
+ ~~~~~~~~~~~~~~~~~~~~~~~~~~~
~~~~~~~~~~~~~~~~~~~~~~~~~~~~~
~~~~~~~~~~~~~
    + CategoryInfo           
   : NotSpecified: (Option   
  "browser...arget' instea   
 d.:String) [], RemoteExc    
eption
    + FullyQualifiedErrorId  
   : NativeCommandError
 
- Generating browser 
application bundles (phase: 
setup)...
??? Browser application 
bundle generation complete.

Initial chunk files   | Names         |  Raw size
vendor.js             | vendor        |   2.59 MB | 
polyfills.js          | polyfills     | 262.86 kB | 
styles.css, styles.js | styles        | 153.72 kB | 
main.js               | main          |  80.79 kB | 
runtime.js            | runtime       |   6.50 kB | 

                      | Initial total |   3.08 MB

Build at: 2026-02-08T20:03:16.534Z - Hash: 7f0a0455c4a3ea50 - Time: 13163ms

** Angular Live Development Server is listening on localhost:4200, open your browser on http://localhost:4200/ **


??? Compiled successfully.
??? Browser application 
bundle generation complete.



5 unchanged chunks

Build at: 2026-02-08T20:03:17.603Z - Hash: 7f0a0455c4a3ea50 - Time: 746ms

??? Compiled successfully.
??? Browser application 
bundle generation complete.

Initial chunk files | Names   | Raw size
main.js             | main    | 80.79 kB | 
runtime.js          | runtime |  6.50 kB | 

3 unchanged chunks

Build at: 2026-02-08T20:04:28.302Z - Hash: dd5b52d3ddd3e5b5 - Time: 7618ms

??? Compiled successfully.
??? Browser application 
bundle generation complete.

Initial chunk files | Names   | Raw size
vendor.js           | vendor  |  2.59 MB | 
main.js             | main    | 81.37 kB | 
runtime.js          | runtime |  6.50 kB | 

2 unchanged chunks

Build at: 2026-02-08T20:22:06.447Z - Hash: 8f06876769f73f38 - Time: 3283ms

??? Compiled successfully.
??? Browser application 
bundle generation complete.

Initial chunk files | Names   | Raw size
main.js             | main    | 81.84 kB | 
runtime.js          | runtime |  6.50 kB | 

3 unchanged chunks

Build at: 2026-02-08T20:22:12.799Z - Hash: 836dcf896545522d - Time: 527ms

??? Compiled successfully.
